[20:17:05] [Server thread/INFO]: Starting minecraft server version 1.12.2
[20:17:05] [Server thread/INFO]: Loading properties
[20:17:05] [Server thread/INFO]: Default game type: SURVIVAL
[20:17:05] [Server thread/INFO]: Generating keypair
[20:17:06] [Server thread/INFO]: Starting Minecraft server on *:25565
[20:17:06] [Server thread/INFO]: Using default channel type
[20:17:06] [Server thread/INFO]: Preparing level "world"
[20:17:06] [Server thread/INFO]: Loaded 488 advancements
[20:17:07] [Server thread/INFO]: Preparing start region for level 0
[20:17:08] [Server thread/INFO]: Preparing spawn area: 18%
[20:17:09] [Server thread/INFO]: Preparing spawn area: 42%
[20:17:10] [Server thread/INFO]: Preparing spawn area: 65%
[20:17:11] [Server thread/INFO]: Preparing spawn area: 93%
[20:17:11] [Server thread/INFO]: Done (4.710s)! For help, type "help" or "?"
[20:17:15] [Server thread/INFO]: --- Showing help page 1 of 10 (/help <page>) ---
[20:17:15] [Server thread/INFO]: /advancement <grant|revoke|test> <player>
[20:17:15] [Server thread/INFO]: /ban <name> [reason ...]
[20:17:15] [Server thread/INFO]: /ban-ip <address|name> [reason ...]
[20:17:15] [Server thread/INFO]: /banlist [ips|players]
[20:17:15] [Server thread/INFO]: /blockdata <x> <y> <z> <dataTag>
[20:17:15] [Server thread/INFO]: /clear [player] [item] [data] [maxCount] [dataTag]
[20:17:15] [Server thread/INFO]: /clone <x1> <y1> <z1> <x2> <y2> <z2> <x> <y> <z> [maskMode] [cloneMode]
[20:17:15] [Server thread/INFO]: Tip: Use the <tab> key while typing a command to auto-complete the command or its arguments
